<?xml version='1.0' encoding='UTF-8'?>
<testsuite hostname="hedwig.local" name="funsets.FunSetSuite" tests="3" errors="0" failures="1" skipped="1" time="0.026" timestamp="2022-10-18T21:08:44">
          <properties>
[...]
</properties>
          <testcase classname="funsets.FunSetSuite" name="contains is implemented" time="0.021">
                      
                    </testcase><testcase classname="funsets.FunSetSuite" name="singleton set one contains one" time="0.001">
                      <skipped/>
                    </testcase><testcase classname="funsets.FunSetSuite" name="union contains all elements of each set" time="0.004">
                      <failure message="an implementation is missing" type="scala.NotImplementedError">scala.NotImplementedError: an implementation is missing
	at scala.Predef$.$qmark$qmark$qmark(Predef.scala:345)
	at funsets.FunSets.singletonSet(FunSets.scala:24)
	at funsets.FunSets.singletonSet$(FunSets.scala:8)
	at funsets.FunSets$.singletonSet(FunSets.scala:94)
	at funsets.FunSetSuite$TestSets.$init$(FunSetSuite.scala:23)
	at funsets.FunSetSuite$$anon$2.&lt;init&gt;(FunSetSuite.scala:46)
	at funsets.FunSetSuite.$init$$$anonfun$3(FunSetSuite.scala:50)
</failure>
                    </testcase>
          <system-out><![CDATA[]]></system-out>
          <system-err><![CDATA[]]></system-err>
        </testsuite>